    at <unknown> (./registry/tools/image/image-cropper/com
ponents/ImageCropper.tsx:4:1)
    at <unknown> 
(https://nextjs.org/docs/messages/module-not-found)
    at <unknown> (./registry/tools/image/image-metadata-vi
ewer/components/ImageMetadataViewer.tsx:5:1)
    at <unknown> 
(https://nextjs.org/docs/messages/module-not-found)
    at <unknown> (./registry/tools/image/image-metadata-vi
ewer/components/ImageMetadataViewer.tsx:6:1)
    at <unknown> 
(https://nextjs.org/docs/messages/module-not-found)
    at <unknown> (./registry/tools/image/image-metadata-vi
ewer/components/ImageMetadataViewer.tsx:4:1)
    at <unknown> 
(https://nextjs.org/docs/messages/module-not-found)
    at <unknown> (./registry/tools/image/image-metadata-vi
ewer/components/ImageMetadataViewer.tsx:5:1)
    at <unknown> 
(https://nextjs.org/docs/messages/module-not-found)
    at <unknown> (./registry/tools/image/image-resizer/com
ponents/ImageResizer.tsx:4:1)
    at <unknown> 
(https://nextjs.org/docs/messages/module-not-found)
    at <unknown> (./registry/tools/image/image-rotator/com
ponents/ImageRotator.tsx:4:1)
    at <unknown> 
(https://nextjs.org/docs/messages/module-not-found)
    at <unknown> (./registry/tools/image/image-rotator/com
ponents/ImageRotator.tsx:4:1)
    at <unknown> 
(https://nextjs.org/docs/messages/module-not-found)
    at <unknown> (./registry/tools/playground/code-playgro
und/components/CodePlayground.tsx:5:1)
    at <unknown> 
(https://nextjs.org/docs/messages/module-not-found)
    at <unknown> (./registry/tools/playground/code-playgro
und/components/CodePlayground.tsx:4:1)
    at <unknown> 
(https://nextjs.org/docs/messages/module-not-found)
    at <unknown> (./registry/tools/playground/css-playgrou
nd/components/CssPlayground.tsx:5:1)
    at <unknown> 
(https://nextjs.org/docs/messages/module-not-found)
    at <unknown> (./registry/tools/playground/css-playgrou
nd/components/CssPlayground.tsx:4:1)
    at <unknown> 
(https://nextjs.org/docs/messages/module-not-found)
    at <unknown> (./registry/tools/playground/html-playgro
und/components/HtmlPlayground.tsx:5:1)
    at <unknown> 
(https://nextjs.org/docs/messages/module-not-found)
    at <unknown> (./registry/tools/playground/html-playgro
und/components/HtmlPlayground.tsx:4:1)
    at <unknown> 
(https://nextjs.org/docs/messages/module-not-found)
    at <unknown> (./registry/tools/playground/js-console-r
unner/components/JsConsoleRunner.tsx:5:1)
    at <unknown> 
(https://nextjs.org/docs/messages/module-not-found)
    at <unknown> (./registry/tools/playground/js-console-r
unner/components/JsConsoleRunner.tsx:4:1)
    at <unknown> 
(https://nextjs.org/docs/messages/module-not-found)
    at <unknown> (./registry/tools/playground/regex-tester
/components/RegexTester.tsx:4:1)
    at <unknown> 
(https://nextjs.org/docs/messages/module-not-found)
    at <unknown> (./registry/tools/playground/sql-formatte
r/components/SqlFormatter.tsx:5:1)
    at <unknown> 
(https://nextjs.org/docs/messages/module-not-found)
    at <unknown> (./registry/tools/playground/sql-formatte
r/components/SqlFormatter.tsx:4:1)
    at <unknown> 
(https://nextjs.org/docs/messages/module-not-found)
    at <unknown> (./registry/tools/playground/sql-visualiz
er/components/SqlVisualizer.tsx:5:1)
    at <unknown> 
(https://nextjs.org/docs/messages/module-not-found)
    at <unknown> (./registry/tools/playground/sql-visualiz
er/components/SqlVisualizer.tsx:4:1)
    at <unknown> 
(https://nextjs.org/docs/messages/module-not-found)
    at <unknown> (./registry/tools/text/text-diff-viewer/c
omponents/TextDiffViewer.tsx:5:1)
    at <unknown> 
(https://nextjs.org/docs/messages/module-not-found)
    at <unknown> (./registry/tools/text/text-diff-viewer/c
omponents/TextDiffViewer.tsx:4:1)
    at <unknown> 
(https://nextjs.org/docs/messages/module-not-found)
    at <unknown> (./registry/tools/playground/color-gradie
nt-generator/components/ColorGradientGenerator.tsx:5:1)
    at <unknown> (./registry/tools/playground/color-gradie
nt-generator/components/ColorGradientGenerator.tsx:4:1)
    at <unknown> (./registry/tools/playground/color-gradie
nt-generator/components/ColorGradientGenerator.tsx:5:1)
    at <unknown> (./registry/tools/playground/color-gradie
nt-generator/components/ColorGradientGenerator.tsx:4:1)
